<?xml version="1.0" encoding="UTF-8"?>
<testsuite xmlns:xsi="http://www.w3.org/2001/XMLSchema-instance" xsi:noNamespaceSchemaLocation="https://maven.apache.org/surefire/maven-surefire-plugin/xsd/surefire-test-report.xsd" name="com.niit.shoppingbackend.AppTest" time="0.138" tests="1" errors="0" skipped="0" failures="0">
  <properties>
    <property name="sun.desktop" value="windows"/>
    <property name="awt.toolkit" value="sun.awt.windows.WToolkit"/>
    <property name="file.encoding.pkg" value="sun.io"/>
    <property name="java.specification.version" value="1.8"/>
    <property name="sun.cpu.isalist" value="amd64"/>
    <property name="sun.jnu.encoding" value="Cp1252"/>
    <property name="java.class.path" value="D:\project term 6\ShoppingBackend\target\test-classes;D:\project term 6\ShoppingBackend\target\classes;C:\Users\Anshul Jain\.m2\repository\javax\servlet\jstl\1.2\jstl-1.2.jar;C:\Users\Anshul Jain\.m2\repository\commons-fileupload\commons-fileupload\1.3.1\commons-fileupload-1.3.1.jar;C:\Users\Anshul Jain\.m2\repository\commons-io\commons-io\2.4\commons-io-2.4.jar;C:\Users\Anshul Jain\.m2\repository\javax\persistence\persistence-api\1.0.2\persistence-api-1.0.2.jar;C:\Users\Anshul Jain\.m2\repository\org\hibernate\hibernate-core\5.3.3.Final\hibernate-core-5.3.3.Final.jar;C:\Users\Anshul Jain\.m2\repository\org\jboss\logging\jboss-logging\3.3.2.Final\jboss-logging-3.3.2.Final.jar;C:\Users\Anshul Jain\.m2\repository\javax\persistence\javax.persistence-api\2.2\javax.persistence-api-2.2.jar;C:\Users\Anshul Jain\.m2\repository\org\javassist\javassist\3.23.1-GA\javassist-3.23.1-GA.jar;C:\Users\Anshul Jain\.m2\repository\net\bytebuddy\byte-buddy\1.8.13\byte-buddy-1.8.13.jar;C:\Users\Anshul Jain\.m2\repository\antlr\antlr\2.7.7\antlr-2.7.7.jar;C:\Users\Anshul Jain\.m2\repository\org\jboss\spec\javax\transaction\jboss-transaction-api_1.2_spec\1.1.1.Final\jboss-transaction-api_1.2_spec-1.1.1.Final.jar;C:\Users\Anshul Jain\.m2\repository\org\jboss\jandex\2.0.5.Final\jandex-2.0.5.Final.jar;C:\Users\Anshul Jain\.m2\repository\com\fasterxml\classmate\1.3.4\classmate-1.3.4.jar;C:\Users\Anshul Jain\.m2\repository\javax\activation\javax.activation-api\1.2.0\javax.activation-api-1.2.0.jar;C:\Users\Anshul Jain\.m2\repository\dom4j\dom4j\1.6.1\dom4j-1.6.1.jar;C:\Users\Anshul Jain\.m2\repository\org\hibernate\common\hibernate-commons-annotations\5.0.4.Final\hibernate-commons-annotations-5.0.4.Final.jar;C:\Users\Anshul Jain\.m2\repository\com\h2database\h2\1.4.196\h2-1.4.196.jar;C:\Users\Anshul Jain\.m2\repository\org\springframework\spring-webmvc\4.3.18.RELEASE\spring-webmvc-4.3.18.RELEASE.jar;C:\Users\Anshul Jain\.m2\repository\org\springframework\spring-aop\4.3.18.RELEASE\spring-aop-4.3.18.RELEASE.jar;C:\Users\Anshul Jain\.m2\repository\org\springframework\spring-beans\4.3.18.RELEASE\spring-beans-4.3.18.RELEASE.jar;C:\Users\Anshul Jain\.m2\repository\org\springframework\spring-context\4.3.18.RELEASE\spring-context-4.3.18.RELEASE.jar;C:\Users\Anshul Jain\.m2\repository\org\springframework\spring-core\4.3.18.RELEASE\spring-core-4.3.18.RELEASE.jar;C:\Users\Anshul Jain\.m2\repository\org\springframework\spring-expression\4.3.18.RELEASE\spring-expression-4.3.18.RELEASE.jar;C:\Users\Anshul Jain\.m2\repository\org\springframework\spring-web\4.3.18.RELEASE\spring-web-4.3.18.RELEASE.jar;C:\Users\Anshul Jain\.m2\repository\org\springframework\spring-tx\4.3.18.RELEASE\spring-tx-4.3.18.RELEASE.jar;C:\Users\Anshul Jain\.m2\repository\org\springframework\spring-orm\4.3.18.RELEASE\spring-orm-4.3.18.RELEASE.jar;C:\Users\Anshul Jain\.m2\repository\org\springframework\spring-jdbc\4.3.18.RELEASE\spring-jdbc-4.3.18.RELEASE.jar;C:\Users\Anshul Jain\.m2\repository\org\apache\commons\commons-dbcp2\2.1.1\commons-dbcp2-2.1.1.jar;C:\Users\Anshul Jain\.m2\repository\org\apache\commons\commons-pool2\2.4.2\commons-pool2-2.4.2.jar;C:\Users\Anshul Jain\.m2\repository\commons-logging\commons-logging\1.2\commons-logging-1.2.jar;C:\Users\Anshul Jain\.m2\repository\junit\junit\4.11\junit-4.11.jar;C:\Users\Anshul Jain\.m2\repository\org\hamcrest\hamcrest-core\1.3\hamcrest-core-1.3.jar;"/>
    <property name="java.vm.vendor" value="Oracle Corporation"/>
    <property name="sun.arch.data.model" value="64"/>
    <property name="user.variant" value=""/>
    <property name="java.vendor.url" value="http://java.oracle.com/"/>
    <property name="user.timezone" value=""/>
    <property name="java.vm.specification.version" value="1.8"/>
    <property name="os.name" value="Windows 8.1"/>
    <property name="user.country" value="IN"/>
    <property name="sun.java.launcher" value="SUN_STANDARD"/>
    <property name="sun.boot.library.path" value="C:\Program Files\Java\jdk1.8.0_181\jre\bin"/>
    <property name="sun.java.command" value="C:\Users\ANSHUL~1\AppData\Local\Temp\surefire665693167216856390\surefirebooter4069648548625929563.jar C:\Users\Anshul Jain\AppData\Local\Temp\surefire665693167216856390 2018-09-19T12-43-31_255-jvmRun1 surefire421120485001428593tmp surefire_07863533220400288080tmp"/>
    <property name="surefire.test.class.path" value="D:\project term 6\ShoppingBackend\target\test-classes;D:\project term 6\ShoppingBackend\target\classes;C:\Users\Anshul Jain\.m2\repository\javax\servlet\jstl\1.2\jstl-1.2.jar;C:\Users\Anshul Jain\.m2\repository\commons-fileupload\commons-fileupload\1.3.1\commons-fileupload-1.3.1.jar;C:\Users\Anshul Jain\.m2\repository\commons-io\commons-io\2.4\commons-io-2.4.jar;C:\Users\Anshul Jain\.m2\repository\javax\persistence\persistence-api\1.0.2\persistence-api-1.0.2.jar;C:\Users\Anshul Jain\.m2\repository\org\hibernate\hibernate-core\5.3.3.Final\hibernate-core-5.3.3.Final.jar;C:\Users\Anshul Jain\.m2\repository\org\jboss\logging\jboss-logging\3.3.2.Final\jboss-logging-3.3.2.Final.jar;C:\Users\Anshul Jain\.m2\repository\javax\persistence\javax.persistence-api\2.2\javax.persistence-api-2.2.jar;C:\Users\Anshul Jain\.m2\repository\org\javassist\javassist\3.23.1-GA\javassist-3.23.1-GA.jar;C:\Users\Anshul Jain\.m2\repository\net\bytebuddy\byte-buddy\1.8.13\byte-buddy-1.8.13.jar;C:\Users\Anshul Jain\.m2\repository\antlr\antlr\2.7.7\antlr-2.7.7.jar;C:\Users\Anshul Jain\.m2\repository\org\jboss\spec\javax\transaction\jboss-transaction-api_1.2_spec\1.1.1.Final\jboss-transaction-api_1.2_spec-1.1.1.Final.jar;C:\Users\Anshul Jain\.m2\repository\org\jboss\jandex\2.0.5.Final\jandex-2.0.5.Final.jar;C:\Users\Anshul Jain\.m2\repository\com\fasterxml\classmate\1.3.4\classmate-1.3.4.jar;C:\Users\Anshul Jain\.m2\repository\javax\activation\javax.activation-api\1.2.0\javax.activation-api-1.2.0.jar;C:\Users\Anshul Jain\.m2\repository\dom4j\dom4j\1.6.1\dom4j-1.6.1.jar;C:\Users\Anshul Jain\.m2\repository\org\hibernate\common\hibernate-commons-annotations\5.0.4.Final\hibernate-commons-annotations-5.0.4.Final.jar;C:\Users\Anshul Jain\.m2\repository\com\h2database\h2\1.4.196\h2-1.4.196.jar;C:\Users\Anshul Jain\.m2\repository\org\springframework\spring-webmvc\4.3.18.RELEASE\spring-webmvc-4.3.18.RELEASE.jar;C:\Users\Anshul Jain\.m2\repository\org\springframework\spring-aop\4.3.18.RELEASE\spring-aop-4.3.18.RELEASE.jar;C:\Users\Anshul Jain\.m2\repository\org\springframework\spring-beans\4.3.18.RELEASE\spring-beans-4.3.18.RELEASE.jar;C:\Users\Anshul Jain\.m2\repository\org\springframework\spring-context\4.3.18.RELEASE\spring-context-4.3.18.RELEASE.jar;C:\Users\Anshul Jain\.m2\repository\org\springframework\spring-core\4.3.18.RELEASE\spring-core-4.3.18.RELEASE.jar;C:\Users\Anshul Jain\.m2\repository\org\springframework\spring-expression\4.3.18.RELEASE\spring-expression-4.3.18.RELEASE.jar;C:\Users\Anshul Jain\.m2\repository\org\springframework\spring-web\4.3.18.RELEASE\spring-web-4.3.18.RELEASE.jar;C:\Users\Anshul Jain\.m2\repository\org\springframework\spring-tx\4.3.18.RELEASE\spring-tx-4.3.18.RELEASE.jar;C:\Users\Anshul Jain\.m2\repository\org\springframework\spring-orm\4.3.18.RELEASE\spring-orm-4.3.18.RELEASE.jar;C:\Users\Anshul Jain\.m2\repository\org\springframework\spring-jdbc\4.3.18.RELEASE\spring-jdbc-4.3.18.RELEASE.jar;C:\Users\Anshul Jain\.m2\repository\org\apache\commons\commons-dbcp2\2.1.1\commons-dbcp2-2.1.1.jar;C:\Users\Anshul Jain\.m2\repository\org\apache\commons\commons-pool2\2.4.2\commons-pool2-2.4.2.jar;C:\Users\Anshul Jain\.m2\repository\commons-logging\commons-logging\1.2\commons-logging-1.2.jar;C:\Users\Anshul Jain\.m2\repository\junit\junit\4.11\junit-4.11.jar;C:\Users\Anshul Jain\.m2\repository\org\hamcrest\hamcrest-core\1.3\hamcrest-core-1.3.jar;"/>
    <property name="sun.cpu.endian" value="little"/>
    <property name="user.home" value="C:\Users\Anshul Jain"/>
    <property name="user.language" value="en"/>
    <property name="java.specification.vendor" value="Oracle Corporation"/>
    <property name="java.home" value="C:\Program Files\Java\jdk1.8.0_181\jre"/>
    <property name="basedir" value="D:\project term 6\ShoppingBackend"/>
    <property name="file.separator" value="\"/>
    <property name="line.separator" value="&#10;"/>
    <property name="java.vm.specification.vendor" value="Oracle Corporation"/>
    <property name="java.specification.name" value="Java Platform API Specification"/>
    <property name="java.awt.graphicsenv" value="sun.awt.Win32GraphicsEnvironment"/>
    <property name="surefire.real.class.path" value="C:\Users\ANSHUL~1\AppData\Local\Temp\surefire665693167216856390\surefirebooter4069648548625929563.jar"/>
    <property name="sun.boot.class.path" value="C:\Program Files\Java\jdk1.8.0_181\jre\lib\resources.jar;C:\Program Files\Java\jdk1.8.0_181\jre\lib\rt.jar;C:\Program Files\Java\jdk1.8.0_181\jre\lib\sunrsasign.jar;C:\Program Files\Java\jdk1.8.0_181\jre\lib\jsse.jar;C:\Program Files\Java\jdk1.8.0_181\jre\lib\jce.jar;C:\Program Files\Java\jdk1.8.0_181\jre\lib\charsets.jar;C:\Program Files\Java\jdk1.8.0_181\jre\lib\jfr.jar;C:\Program Files\Java\jdk1.8.0_181\jre\classes"/>
    <property name="user.script" value=""/>
    <property name="sun.management.compiler" value="HotSpot 64-Bit Tiered Compilers"/>
    <property name="java.runtime.version" value="1.8.0_181-b13"/>
    <property name="user.name" value="Supriya jain"/>
    <property name="path.separator" value=";"/>
    <property name="os.version" value="6.3"/>
    <property name="java.endorsed.dirs" value="C:\Program Files\Java\jdk1.8.0_181\jre\lib\endorsed"/>
    <property name="java.runtime.name" value="Java(TM) SE Runtime Environment"/>
    <property name="file.encoding" value="Cp1252"/>
    <property name="java.vm.name" value="Java HotSpot(TM) 64-Bit Server VM"/>
    <property name="localRepository" value="C:\Users\Anshul Jain\.m2\repository"/>
    <property name="java.vendor.url.bug" value="http://bugreport.sun.com/bugreport/"/>
    <property name="java.io.tmpdir" value="C:\Users\ANSHUL~1\AppData\Local\Temp\"/>
    <property name="java.version" value="1.8.0_181"/>
    <property name="user.dir" value="D:\project term 6\ShoppingBackend"/>
    <property name="os.arch" value="amd64"/>
    <property name="java.vm.specification.name" value="Java Virtual Machine Specification"/>
    <property name="java.awt.printerjob" value="sun.awt.windows.WPrinterJob"/>
    <property name="sun.os.patch.level" value=""/>
    <property name="java.library.path" value="C:\Program Files\Java\jdk1.8.0_181\jre\bin;C:\windows\Sun\Java\bin;C:\windows\system32;C:\windows;C:/Program Files/Java/jre1.8.0_181/bin/server;C:/Program Files/Java/jre1.8.0_181/bin;C:/Program Files/Java/jre1.8.0_181/lib/amd64;C:\Program Files (x86)\Common Files\Oracle\Java\javapath;C:\oraclexe\app\oracle\product\11.2.0\server\bin;;C:\Program Files (x86)\Lenovo\FusionEngine;C:\Program Files (x86)\Intel\iCLS Client\;C:\Program Files\Intel\iCLS Client\;C:\windows\system32;C:\windows;C:\windows\System32\Wbem;C:\windows\System32\WindowsPowerShell\v1.0\;C:\Program Files (x86)\ATI Technologies\ATI.ACE\Core-Static;C:\Program Files\Intel\Intel(R) Management Engine Components\DAL;C:\Program Files\Intel\Intel(R) Management Engine Components\IPT;C:\Program Files (x86)\Intel\Intel(R) Management Engine Components\DAL;C:\Program Files (x86)\Intel\Intel(R) Management Engine Components\IPT;C:\Program Files\Intel\WiFi\bin\;C:\Program Files\Common Files\Intel\WirelessCommon\;C:\Program Files (x86)\Common Files\lenovo\easyplussdk\bin;C:\Program Files (x86)\Brackets\command;C:\Program Files\Java\jdk1.7.0_79\bin;C:\Program Files\Java\jre7\bin;F:\project\eclipse;;."/>
    <property name="java.vm.info" value="mixed mode"/>
    <property name="java.vendor" value="Oracle Corporation"/>
    <property name="java.vm.version" value="25.181-b13"/>
    <property name="java.ext.dirs" value="C:\Program Files\Java\jdk1.8.0_181\jre\lib\ext;C:\windows\Sun\Java\lib\ext"/>
    <property name="sun.io.unicode.encoding" value="UnicodeLittle"/>
    <property name="java.class.version" value="52.0"/>
  </properties>
  <testcase name="testApp" classname="com.niit.shoppingbackend.AppTest" time="0.016"/>
</testsuite>